<?xml version="1.0" encoding="UTF-8" ?>
<testsuite failures="0" time="0.19" errors="0" skipped="0" tests="6" name="fr.xebia.training.tdd.gameoflife.GameOfLifeITest">
  <properties>
[...]
</properties>
  <testcase time="0.009" classname="fr.xebia.training.tdd.gameoflife.GameOfLifeITest" name="dead_after_one_round_game"/>
  <testcase time="0.001" classname="fr.xebia.training.tdd.gameoflife.GameOfLifeITest" name="simple_game"/>
  <testcase time="0" classname="fr.xebia.training.tdd.gameoflife.GameOfLifeITest" name="still_game"/>
  <testcase time="0.001" classname="fr.xebia.training.tdd.gameoflife.GameOfLifeITest" name="another_still_game"/>
  <testcase time="0.001" classname="fr.xebia.training.tdd.gameoflife.GameOfLifeITest" name="oscillator_game"/>
  <testcase time="0.001" classname="fr.xebia.training.tdd.gameoflife.GameOfLifeITest" name="another_oscillator_game"/>
</testsuite>